CRITICAL - 2021-06-08 04:30:26 --> syntax error, unexpected '$data' (T_VARIABLE), expecting ')'
#0 C:\Users\nicol\Documents\Formation\TPCDA\HTML\Backend\tcpda-clone1\CI4conteneurs\vendor\codeigniter4\framework\system\Router\Router.php(169): CodeIgniter\Router\Router->autoRoute('Caccueil/index')
#1 C:\Users\nicol\Documents\Formation\TPCDA\HTML\Backend\tcpda-clone1\CI4conteneurs\vendor\codeigniter4\framework\system\CodeIgniter.php(812): CodeIgniter\Router\Router->handle('Caccueil/index')
#2 C:\Users\nicol\Documents\Formation\TPCDA\HTML\Backend\tcpda-clone1\CI4conteneurs\vendor\codeigniter4\framework\system\CodeIgniter.php(392): CodeIgniter\CodeIgniter->tryToRouteIt(Object(CodeIgniter\Router\RouteCollection))
#3 C:\Users\nicol\Documents\Formation\TPCDA\HTML\Backend\tcpda-clone1\CI4conteneurs\vendor\codeigniter4\framework\system\CodeIgniter.php(339): CodeIgniter\CodeIgniter->handleRequest(NULL, Object(Config\Cache), false)
#4 C:\Users\nicol\Documents\Formation\TPCDA\HTML\Backend\tcpda-clone1\CI4conteneurs\public\index.php(36): CodeIgniter\CodeIgniter->run()
#5 {main}
CRITICAL - 2021-06-08 04:31:14 --> syntax error, unexpected '$data' (T_VARIABLE), expecting ')'
#0 C:\Users\nicol\Documents\Formation\TPCDA\HTML\Backend\tcpda-clone1\CI4conteneurs\vendor\codeigniter4\framework\system\Router\Router.php(169): CodeIgniter\Router\Router->autoRoute('Caccueil/index')
#1 C:\Users\nicol\Documents\Formation\TPCDA\HTML\Backend\tcpda-clone1\CI4conteneurs\vendor\codeigniter4\framework\system\CodeIgniter.php(812): CodeIgniter\Router\Router->handle('Caccueil/index')
#2 C:\Users\nicol\Documents\Formation\TPCDA\HTML\Backend\tcpda-clone1\CI4conteneurs\vendor\codeigniter4\framework\system\CodeIgniter.php(392): CodeIgniter\CodeIgniter->tryToRouteIt(Object(CodeIgniter\Router\RouteCollection))
#3 C:\Users\nicol\Documents\Formation\TPCDA\HTML\Backend\tcpda-clone1\CI4conteneurs\vendor\codeigniter4\framework\system\CodeIgniter.php(339): CodeIgniter\CodeIgniter->handleRequest(NULL, Object(Config\Cache), false)
#4 C:\Users\nicol\Documents\Formation\TPCDA\HTML\Backend\tcpda-clone1\CI4conteneurs\public\index.php(36): CodeIgniter\CodeIgniter->run()
#5 {main}
CRITICAL - 2021-06-08 05:04:53 --> syntax error, unexpected 'alt' (T_STRING)
#0 C:\Users\nicol\Documents\Formation\TPCDA\HTML\Backend\tcpda-clone1\CI4conteneurs\vendor\codeigniter4\framework\system\View\View.php(232): CodeIgniter\View\View->CodeIgniter\View\{closure}()
#1 C:\Users\nicol\Documents\Formation\TPCDA\HTML\Backend\tcpda-clone1\CI4conteneurs\vendor\codeigniter4\framework\system\Common.php(1250): CodeIgniter\View\View->render('v_acceuil', Array, true)
#2 C:\Users\nicol\Documents\Formation\TPCDA\HTML\Backend\tcpda-clone1\CI4conteneurs\app\Controllers\Caccueil.php(12): view('v_acceuil', Array)
#3 C:\Users\nicol\Documents\Formation\TPCDA\HTML\Backend\tcpda-clone1\CI4conteneurs\vendor\codeigniter4\framework\system\CodeIgniter.php(931): App\Controllers\Caccueil->index()
#4 C:\Users\nicol\Documents\Formation\TPCDA\HTML\Backend\tcpda-clone1\CI4conteneurs\vendor\codeigniter4\framework\system\CodeIgniter.php(439): CodeIgniter\CodeIgniter->runController(Object(App\Controllers\Caccueil))
#5 C:\Users\nicol\Documents\Formation\TPCDA\HTML\Backend\tcpda-clone1\CI4conteneurs\vendor\codeigniter4\framework\system\CodeIgniter.php(339): CodeIgniter\CodeIgniter->handleRequest(NULL, Object(Config\Cache), false)
#6 C:\Users\nicol\Documents\Formation\TPCDA\HTML\Backend\tcpda-clone1\CI4conteneurs\public\index.php(36): CodeIgniter\CodeIgniter->run()
#7 {main}
CRITICAL - 2021-06-08 05:04:53 --> syntax error, unexpected 'alt' (T_STRING)
#0 C:\Users\nicol\Documents\Formation\TPCDA\HTML\Backend\tcpda-clone1\CI4conteneurs\vendor\codeigniter4\framework\system\View\View.php(232): CodeIgniter\View\View->CodeIgniter\View\{closure}()
#1 C:\Users\nicol\Documents\Formation\TPCDA\HTML\Backend\tcpda-clone1\CI4conteneurs\vendor\codeigniter4\framework\system\Common.php(1250): CodeIgniter\View\View->render('v_acceuil', Array, true)
#2 C:\Users\nicol\Documents\Formation\TPCDA\HTML\Backend\tcpda-clone1\CI4conteneurs\app\Controllers\Caccueil.php(12): view('v_acceuil', Array)
#3 C:\Users\nicol\Documents\Formation\TPCDA\HTML\Backend\tcpda-clone1\CI4conteneurs\vendor\codeigniter4\framework\system\CodeIgniter.php(931): App\Controllers\Caccueil->index()
#4 C:\Users\nicol\Documents\Formation\TPCDA\HTML\Backend\tcpda-clone1\CI4conteneurs\vendor\codeigniter4\framework\system\CodeIgniter.php(439): CodeIgniter\CodeIgniter->runController(Object(App\Controllers\Caccueil))
#5 C:\Users\nicol\Documents\Formation\TPCDA\HTML\Backend\tcpda-clone1\CI4conteneurs\vendor\codeigniter4\framework\system\CodeIgniter.php(339): CodeIgniter\CodeIgniter->handleRequest(NULL, Object(Config\Cache), false)
#6 C:\Users\nicol\Documents\Formation\TPCDA\HTML\Backend\tcpda-clone1\CI4conteneurs\public\index.php(36): CodeIgniter\CodeIgniter->run()
#7 {main}
CRITICAL - 2021-06-08 05:04:53 --> syntax error, unexpected 'alt' (T_STRING)
#0 C:\Users\nicol\Documents\Formation\TPCDA\HTML\Backend\tcpda-clone1\CI4conteneurs\vendor\codeigniter4\framework\system\View\View.php(232): CodeIgniter\View\View->CodeIgniter\View\{closure}()
#1 C:\Users\nicol\Documents\Formation\TPCDA\HTML\Backend\tcpda-clone1\CI4conteneurs\vendor\codeigniter4\framework\system\Common.php(1250): CodeIgniter\View\View->render('v_acceuil', Array, true)
#2 C:\Users\nicol\Documents\Formation\TPCDA\HTML\Backend\tcpda-clone1\CI4conteneurs\app\Controllers\Caccueil.php(12): view('v_acceuil', Array)
#3 C:\Users\nicol\Documents\Formation\TPCDA\HTML\Backend\tcpda-clone1\CI4conteneurs\vendor\codeigniter4\framework\system\CodeIgniter.php(931): App\Controllers\Caccueil->index()
#4 C:\Users\nicol\Documents\Formation\TPCDA\HTML\Backend\tcpda-clone1\CI4conteneurs\vendor\codeigniter4\framework\system\CodeIgniter.php(439): CodeIgniter\CodeIgniter->runController(Object(App\Controllers\Caccueil))
#5 C:\Users\nicol\Documents\Formation\TPCDA\HTML\Backend\tcpda-clone1\CI4conteneurs\vendor\codeigniter4\framework\system\CodeIgniter.php(339): CodeIgniter\CodeIgniter->handleRequest(NULL, Object(Config\Cache), false)
#6 C:\Users\nicol\Documents\Formation\TPCDA\HTML\Backend\tcpda-clone1\CI4conteneurs\public\index.php(36): CodeIgniter\CodeIgniter->run()
#7 {main}
CRITICAL - 2021-06-08 07:35:23 --> Invalid file: Conteneurs/v_liste_conteneurs.php
#0 C:\Users\nicol\Documents\Formation\TPCDA\HTML\Backend\tcpda-clone1\CI4conteneurs\vendor\codeigniter4\framework\system\View\View.php(213): CodeIgniter\Exceptions\FrameworkException::forInvalidFile('Conteneurs/v_li...')
#1 C:\Users\nicol\Documents\Formation\TPCDA\HTML\Backend\tcpda-clone1\CI4conteneurs\vendor\codeigniter4\framework\system\Common.php(1250): CodeIgniter\View\View->render('Conteneurs/v_li...', Array, true)
#2 C:\Users\nicol\Documents\Formation\TPCDA\HTML\Backend\tcpda-clone1\CI4conteneurs\app\Controllers\Cconteneur.php(12): view('Conteneurs/v_li...', Array)
#3 C:\Users\nicol\Documents\Formation\TPCDA\HTML\Backend\tcpda-clone1\CI4conteneurs\vendor\codeigniter4\framework\system\CodeIgniter.php(931): App\Controllers\Cconteneur->index()
#4 C:\Users\nicol\Documents\Formation\TPCDA\HTML\Backend\tcpda-clone1\CI4conteneurs\vendor\codeigniter4\framework\system\CodeIgniter.php(439): CodeIgniter\CodeIgniter->runController(Object(App\Controllers\Cconteneur))
#5 C:\Users\nicol\Documents\Formation\TPCDA\HTML\Backend\tcpda-clone1\CI4conteneurs\vendor\codeigniter4\framework\system\CodeIgniter.php(339): CodeIgniter\CodeIgniter->handleRequest(NULL, Object(Config\Cache), false)
#6 C:\Users\nicol\Documents\Formation\TPCDA\HTML\Backend\tcpda-clone1\CI4conteneurs\public\index.php(36): CodeIgniter\CodeIgniter->run()
#7 {main}
CRITICAL - 2021-06-08 07:35:48 --> Invalid file: Conteneurs/v_liste_conteneurs.php
#0 C:\Users\nicol\Documents\Formation\TPCDA\HTML\Backend\tcpda-clone1\CI4conteneurs\vendor\codeigniter4\framework\system\View\View.php(213): CodeIgniter\Exceptions\FrameworkException::forInvalidFile('Conteneurs/v_li...')
#1 C:\Users\nicol\Documents\Formation\TPCDA\HTML\Backend\tcpda-clone1\CI4conteneurs\vendor\codeigniter4\framework\system\Common.php(1250): CodeIgniter\View\View->render('Conteneurs/v_li...', Array, true)
#2 C:\Users\nicol\Documents\Formation\TPCDA\HTML\Backend\tcpda-clone1\CI4conteneurs\app\Controllers\Cconteneur.php(12): view('Conteneurs/v_li...', Array)
#3 C:\Users\nicol\Documents\Formation\TPCDA\HTML\Backend\tcpda-clone1\CI4conteneurs\vendor\codeigniter4\framework\system\CodeIgniter.php(931): App\Controllers\Cconteneur->index()
#4 C:\Users\nicol\Documents\Formation\TPCDA\HTML\Backend\tcpda-clone1\CI4conteneurs\vendor\codeigniter4\framework\system\CodeIgniter.php(439): CodeIgniter\CodeIgniter->runController(Object(App\Controllers\Cconteneur))
#5 C:\Users\nicol\Documents\Formation\TPCDA\HTML\Backend\tcpda-clone1\CI4conteneurs\vendor\codeigniter4\framework\system\CodeIgniter.php(339): CodeIgniter\CodeIgniter->handleRequest(NULL, Object(Config\Cache), false)
#6 C:\Users\nicol\Documents\Formation\TPCDA\HTML\Backend\tcpda-clone1\CI4conteneurs\public\index.php(36): CodeIgniter\CodeIgniter->run()
#7 {main}
ERROR - 2021-06-08 08:09:36 --> Error connecting to the database: Accès refusé pour l'utilisateur: '****'@'localhost'. Base 'bddconteneurs'
CRITICAL - 2021-06-08 08:09:36 --> Unable to connect to the database.
Main connection [MySQLi]: Accès refusé pour l'utilisateur: '****'@'localhost'. Base 'bddconteneurs'
#0 C:\Users\nicol\Documents\Formation\TPCDA\HTML\Backend\tcpda-clone1\CI4conteneurs\vendor\codeigniter4\framework\system\Database\BaseConnection.php(625): CodeIgniter\Database\BaseConnection->initialize()
#1 C:\Users\nicol\Documents\Formation\TPCDA\HTML\Backend\tcpda-clone1\CI4conteneurs\vendor\codeigniter4\framework\system\Database\BaseBuilder.php(1881): CodeIgniter\Database\BaseConnection->query('SELECT `Id`, `A...', Array, false)
#2 C:\Users\nicol\Documents\Formation\TPCDA\HTML\Backend\tcpda-clone1\CI4conteneurs\vendor\codeigniter4\framework\system\Model.php(197): CodeIgniter\Database\BaseBuilder->get()
#3 C:\Users\nicol\Documents\Formation\TPCDA\HTML\Backend\tcpda-clone1\CI4conteneurs\vendor\codeigniter4\framework\system\BaseModel.php(603): CodeIgniter\Model->doFindAll(0, 0)
#4 C:\Users\nicol\Documents\Formation\TPCDA\HTML\Backend\tcpda-clone1\CI4conteneurs\app\Models\Mconteneur.php(14): CodeIgniter\BaseModel->findAll()
#5 C:\Users\nicol\Documents\Formation\TPCDA\HTML\Backend\tcpda-clone1\CI4conteneurs\app\Controllers\Cconteneur.php(12): App\Models\Mconteneur->getAll()
#6 C:\Users\nicol\Documents\Formation\TPCDA\HTML\Backend\tcpda-clone1\CI4conteneurs\vendor\codeigniter4\framework\system\CodeIgniter.php(931): App\Controllers\Cconteneur->index()
#7 C:\Users\nicol\Documents\Formation\TPCDA\HTML\Backend\tcpda-clone1\CI4conteneurs\vendor\codeigniter4\framework\system\CodeIgniter.php(439): CodeIgniter\CodeIgniter->runController(Object(App\Controllers\Cconteneur))
#8 C:\Users\nicol\Documents\Formation\TPCDA\HTML\Backend\tcpda-clone1\CI4conteneurs\vendor\codeigniter4\framework\system\CodeIgniter.php(339): CodeIgniter\CodeIgniter->handleRequest(NULL, Object(Config\Cache), false)
#9 C:\Users\nicol\Documents\Formation\TPCDA\HTML\Backend\tcpda-clone1\CI4conteneurs\public\index.php(36): CodeIgniter\CodeIgniter->run()
#10 {main}
ERROR - 2021-06-08 08:16:28 --> Error connecting to the database: Accès refusé pour l'utilisateur: '****'@'localhost'. Base 'bddconteneurs'
CRITICAL - 2021-06-08 08:16:28 --> Unable to connect to the database.
Main connection [MySQLi]: Accès refusé pour l'utilisateur: '****'@'localhost'. Base 'bddconteneurs'
#0 C:\Users\nicol\Documents\Formation\TPCDA\HTML\Backend\tcpda-clone1\CI4conteneurs\vendor\codeigniter4\framework\system\Database\BaseConnection.php(625): CodeIgniter\Database\BaseConnection->initialize()
#1 C:\Users\nicol\Documents\Formation\TPCDA\HTML\Backend\tcpda-clone1\CI4conteneurs\vendor\codeigniter4\framework\system\Database\BaseBuilder.php(1881): CodeIgniter\Database\BaseConnection->query('SELECT `Id`, `A...', Array, false)
#2 C:\Users\nicol\Documents\Formation\TPCDA\HTML\Backend\tcpda-clone1\CI4conteneurs\vendor\codeigniter4\framework\system\Model.php(197): CodeIgniter\Database\BaseBuilder->get()
#3 C:\Users\nicol\Documents\Formation\TPCDA\HTML\Backend\tcpda-clone1\CI4conteneurs\vendor\codeigniter4\framework\system\BaseModel.php(603): CodeIgniter\Model->doFindAll(0, 0)
#4 C:\Users\nicol\Documents\Formation\TPCDA\HTML\Backend\tcpda-clone1\CI4conteneurs\app\Models\Mconteneur.php(14): CodeIgniter\BaseModel->findAll()
#5 C:\Users\nicol\Documents\Formation\TPCDA\HTML\Backend\tcpda-clone1\CI4conteneurs\app\Controllers\Cconteneur.php(12): App\Models\Mconteneur->getAll()
#6 C:\Users\nicol\Documents\Formation\TPCDA\HTML\Backend\tcpda-clone1\CI4conteneurs\vendor\codeigniter4\framework\system\CodeIgniter.php(931): App\Controllers\Cconteneur->index()
#7 C:\Users\nicol\Documents\Formation\TPCDA\HTML\Backend\tcpda-clone1\CI4conteneurs\vendor\codeigniter4\framework\system\CodeIgniter.php(439): CodeIgniter\CodeIgniter->runController(Object(App\Controllers\Cconteneur))
#8 C:\Users\nicol\Documents\Formation\TPCDA\HTML\Backend\tcpda-clone1\CI4conteneurs\vendor\codeigniter4\framework\system\CodeIgniter.php(339): CodeIgniter\CodeIgniter->handleRequest(NULL, Object(Config\Cache), false)
#9 C:\Users\nicol\Documents\Formation\TPCDA\HTML\Backend\tcpda-clone1\CI4conteneurs\public\index.php(36): CodeIgniter\CodeIgniter->run()
#10 {main}
ERROR - 2021-06-08 08:22:07 --> Error connecting to the database: Accès refusé pour l'utilisateur: '****'@'localhost'. Base 'bddconteneurs'
CRITICAL - 2021-06-08 08:22:07 --> Unable to connect to the database.
Main connection [MySQLi]: Accès refusé pour l'utilisateur: '****'@'localhost'. Base 'bddconteneurs'
#0 C:\Users\nicol\Documents\Formation\TPCDA\HTML\Backend\tcpda-clone1\CI4conteneurs\vendor\codeigniter4\framework\system\Database\BaseConnection.php(625): CodeIgniter\Database\BaseConnection->initialize()
#1 C:\Users\nicol\Documents\Formation\TPCDA\HTML\Backend\tcpda-clone1\CI4conteneurs\vendor\codeigniter4\framework\system\Database\BaseBuilder.php(1881): CodeIgniter\Database\BaseConnection->query('SELECT `Id`, `A...', Array, false)
#2 C:\Users\nicol\Documents\Formation\TPCDA\HTML\Backend\tcpda-clone1\CI4conteneurs\vendor\codeigniter4\framework\system\Model.php(197): CodeIgniter\Database\BaseBuilder->get()
#3 C:\Users\nicol\Documents\Formation\TPCDA\HTML\Backend\tcpda-clone1\CI4conteneurs\vendor\codeigniter4\framework\system\BaseModel.php(603): CodeIgniter\Model->doFindAll(0, 0)
#4 C:\Users\nicol\Documents\Formation\TPCDA\HTML\Backend\tcpda-clone1\CI4conteneurs\app\Models\Mconteneur.php(14): CodeIgniter\BaseModel->findAll()
#5 C:\Users\nicol\Documents\Formation\TPCDA\HTML\Backend\tcpda-clone1\CI4conteneurs\app\Controllers\Cconteneur.php(12): App\Models\Mconteneur->getAll()
#6 C:\Users\nicol\Documents\Formation\TPCDA\HTML\Backend\tcpda-clone1\CI4conteneurs\vendor\codeigniter4\framework\system\CodeIgniter.php(931): App\Controllers\Cconteneur->index()
#7 C:\Users\nicol\Documents\Formation\TPCDA\HTML\Backend\tcpda-clone1\CI4conteneurs\vendor\codeigniter4\framework\system\CodeIgniter.php(439): CodeIgniter\CodeIgniter->runController(Object(App\Controllers\Cconteneur))
#8 C:\Users\nicol\Documents\Formation\TPCDA\HTML\Backend\tcpda-clone1\CI4conteneurs\vendor\codeigniter4\framework\system\CodeIgniter.php(339): CodeIgniter\CodeIgniter->handleRequest(NULL, Object(Config\Cache), false)
#9 C:\Users\nicol\Documents\Formation\TPCDA\HTML\Backend\tcpda-clone1\CI4conteneurs\public\index.php(36): CodeIgniter\CodeIgniter->run()
#10 {main}
ERROR - 2021-06-08 08:22:39 --> Error connecting to the database: Accès refusé pour l'utilisateur: '****'@'localhost' (mot de passe: OUI)
CRITICAL - 2021-06-08 08:22:39 --> Unable to connect to the database.
Main connection [MySQLi]: Accès refusé pour l'utilisateur: '****'@'localhost' (mot de passe: OUI)
#0 C:\Users\nicol\Documents\Formation\TPCDA\HTML\Backend\tcpda-clone1\CI4conteneurs\vendor\codeigniter4\framework\system\Database\BaseConnection.php(625): CodeIgniter\Database\BaseConnection->initialize()
#1 C:\Users\nicol\Documents\Formation\TPCDA\HTML\Backend\tcpda-clone1\CI4conteneurs\vendor\codeigniter4\framework\system\Database\BaseBuilder.php(1881): CodeIgniter\Database\BaseConnection->query('SELECT `Id`, `A...', Array, false)
#2 C:\Users\nicol\Documents\Formation\TPCDA\HTML\Backend\tcpda-clone1\CI4conteneurs\vendor\codeigniter4\framework\system\Model.php(197): CodeIgniter\Database\BaseBuilder->get()
#3 C:\Users\nicol\Documents\Formation\TPCDA\HTML\Backend\tcpda-clone1\CI4conteneurs\vendor\codeigniter4\framework\system\BaseModel.php(603): CodeIgniter\Model->doFindAll(0, 0)
#4 C:\Users\nicol\Documents\Formation\TPCDA\HTML\Backend\tcpda-clone1\CI4conteneurs\app\Models\Mconteneur.php(14): CodeIgniter\BaseModel->findAll()
#5 C:\Users\nicol\Documents\Formation\TPCDA\HTML\Backend\tcpda-clone1\CI4conteneurs\app\Controllers\Cconteneur.php(12): App\Models\Mconteneur->getAll()
#6 C:\Users\nicol\Documents\Formation\TPCDA\HTML\Backend\tcpda-clone1\CI4conteneurs\vendor\codeigniter4\framework\system\CodeIgniter.php(931): App\Controllers\Cconteneur->index()
#7 C:\Users\nicol\Documents\Formation\TPCDA\HTML\Backend\tcpda-clone1\CI4conteneurs\vendor\codeigniter4\framework\system\CodeIgniter.php(439): CodeIgniter\CodeIgniter->runController(Object(App\Controllers\Cconteneur))
#8 C:\Users\nicol\Documents\Formation\TPCDA\HTML\Backend\tcpda-clone1\CI4conteneurs\vendor\codeigniter4\framework\system\CodeIgniter.php(339): CodeIgniter\CodeIgniter->handleRequest(NULL, Object(Config\Cache), false)
#9 C:\Users\nicol\Documents\Formation\TPCDA\HTML\Backend\tcpda-clone1\CI4conteneurs\public\index.php(36): CodeIgniter\CodeIgniter->run()
#10 {main}
ERROR - 2021-06-08 08:22:51 --> Error connecting to the database: Accès refusé pour l'utilisateur: '****'@'localhost' (mot de passe: OUI)
CRITICAL - 2021-06-08 08:22:51 --> Unable to connect to the database.
Main connection [MySQLi]: Accès refusé pour l'utilisateur: '****'@'localhost' (mot de passe: OUI)
#0 C:\Users\nicol\Documents\Formation\TPCDA\HTML\Backend\tcpda-clone1\CI4conteneurs\vendor\codeigniter4\framework\system\Database\BaseConnection.php(625): CodeIgniter\Database\BaseConnection->initialize()
#1 C:\Users\nicol\Documents\Formation\TPCDA\HTML\Backend\tcpda-clone1\CI4conteneurs\vendor\codeigniter4\framework\system\Database\BaseBuilder.php(1881): CodeIgniter\Database\BaseConnection->query('SELECT `Id`, `A...', Array, false)
#2 C:\Users\nicol\Documents\Formation\TPCDA\HTML\Backend\tcpda-clone1\CI4conteneurs\vendor\codeigniter4\framework\system\Model.php(197): CodeIgniter\Database\BaseBuilder->get()
#3 C:\Users\nicol\Documents\Formation\TPCDA\HTML\Backend\tcpda-clone1\CI4conteneurs\vendor\codeigniter4\framework\system\BaseModel.php(603): CodeIgniter\Model->doFindAll(0, 0)
#4 C:\Users\nicol\Documents\Formation\TPCDA\HTML\Backend\tcpda-clone1\CI4conteneurs\app\Models\Mconteneur.php(14): CodeIgniter\BaseModel->findAll()
#5 C:\Users\nicol\Documents\Formation\TPCDA\HTML\Backend\tcpda-clone1\CI4conteneurs\app\Controllers\Cconteneur.php(12): App\Models\Mconteneur->getAll()
#6 C:\Users\nicol\Documents\Formation\TPCDA\HTML\Backend\tcpda-clone1\CI4conteneurs\vendor\codeigniter4\framework\system\CodeIgniter.php(931): App\Controllers\Cconteneur->index()
#7 C:\Users\nicol\Documents\Formation\TPCDA\HTML\Backend\tcpda-clone1\CI4conteneurs\vendor\codeigniter4\framework\system\CodeIgniter.php(439): CodeIgniter\CodeIgniter->runController(Object(App\Controllers\Cconteneur))
#8 C:\Users\nicol\Documents\Formation\TPCDA\HTML\Backend\tcpda-clone1\CI4conteneurs\vendor\codeigniter4\framework\system\CodeIgniter.php(339): CodeIgniter\CodeIgniter->handleRequest(NULL, Object(Config\Cache), false)
#9 C:\Users\nicol\Documents\Formation\TPCDA\HTML\Backend\tcpda-clone1\CI4conteneurs\public\index.php(36): CodeIgniter\CodeIgniter->run()
#10 {main}
ERROR - 2021-06-08 08:22:51 --> Error connecting to the database: Accès refusé pour l'utilisateur: '****'@'localhost' (mot de passe: OUI)
CRITICAL - 2021-06-08 08:22:51 --> Unable to connect to the database.
Main connection [MySQLi]: Accès refusé pour l'utilisateur: '****'@'localhost' (mot de passe: OUI)
#0 C:\Users\nicol\Documents\Formation\TPCDA\HTML\Backend\tcpda-clone1\CI4conteneurs\vendor\codeigniter4\framework\system\Database\BaseConnection.php(625): CodeIgniter\Database\BaseConnection->initialize()
#1 C:\Users\nicol\Documents\Formation\TPCDA\HTML\Backend\tcpda-clone1\CI4conteneurs\vendor\codeigniter4\framework\system\Database\BaseBuilder.php(1881): CodeIgniter\Database\BaseConnection->query('SELECT `Id`, `A...', Array, false)
#2 C:\Users\nicol\Documents\Formation\TPCDA\HTML\Backend\tcpda-clone1\CI4conteneurs\vendor\codeigniter4\framework\system\Model.php(197): CodeIgniter\Database\BaseBuilder->get()
#3 C:\Users\nicol\Documents\Formation\TPCDA\HTML\Backend\tcpda-clone1\CI4conteneurs\vendor\codeigniter4\framework\system\BaseModel.php(603): CodeIgniter\Model->doFindAll(0, 0)
#4 C:\Users\nicol\Documents\Formation\TPCDA\HTML\Backend\tcpda-clone1\CI4conteneurs\app\Models\Mconteneur.php(14): CodeIgniter\BaseModel->findAll()
#5 C:\Users\nicol\Documents\Formation\TPCDA\HTML\Backend\tcpda-clone1\CI4conteneurs\app\Controllers\Cconteneur.php(12): App\Models\Mconteneur->getAll()
#6 C:\Users\nicol\Documents\Formation\TPCDA\HTML\Backend\tcpda-clone1\CI4conteneurs\vendor\codeigniter4\framework\system\CodeIgniter.php(931): App\Controllers\Cconteneur->index()
#7 C:\Users\nicol\Documents\Formation\TPCDA\HTML\Backend\tcpda-clone1\CI4conteneurs\vendor\codeigniter4\framework\system\CodeIgniter.php(439): CodeIgniter\CodeIgniter->runController(Object(App\Controllers\Cconteneur))
#8 C:\Users\nicol\Documents\Formation\TPCDA\HTML\Backend\tcpda-clone1\CI4conteneurs\vendor\codeigniter4\framework\system\CodeIgniter.php(339): CodeIgniter\CodeIgniter->handleRequest(NULL, Object(Config\Cache), false)
#9 C:\Users\nicol\Documents\Formation\TPCDA\HTML\Backend\tcpda-clone1\CI4conteneurs\public\index.php(36): CodeIgniter\CodeIgniter->run()
#10 {main}
ERROR - 2021-06-08 08:23:44 --> Error connecting to the database: Accès refusé pour l'utilisateur: '****'@'localhost' (mot de passe: OUI)
CRITICAL - 2021-06-08 08:23:44 --> Unable to connect to the database.
Main connection [MySQLi]: Accès refusé pour l'utilisateur: '****'@'localhost' (mot de passe: OUI)
#0 C:\Users\nicol\Documents\Formation\TPCDA\HTML\Backend\tcpda-clone1\CI4conteneurs\vendor\codeigniter4\framework\system\Database\BaseConnection.php(625): CodeIgniter\Database\BaseConnection->initialize()
#1 C:\Users\nicol\Documents\Formation\TPCDA\HTML\Backend\tcpda-clone1\CI4conteneurs\vendor\codeigniter4\framework\system\Database\BaseBuilder.php(1881): CodeIgniter\Database\BaseConnection->query('SELECT `Id`, `A...', Array, false)
#2 C:\Users\nicol\Documents\Formation\TPCDA\HTML\Backend\tcpda-clone1\CI4conteneurs\vendor\codeigniter4\framework\system\Model.php(197): CodeIgniter\Database\BaseBuilder->get()
#3 C:\Users\nicol\Documents\Formation\TPCDA\HTML\Backend\tcpda-clone1\CI4conteneurs\vendor\codeigniter4\framework\system\BaseModel.php(603): CodeIgniter\Model->doFindAll(0, 0)
#4 C:\Users\nicol\Documents\Formation\TPCDA\HTML\Backend\tcpda-clone1\CI4conteneurs\app\Models\Mconteneur.php(14): CodeIgniter\BaseModel->findAll()
#5 C:\Users\nicol\Documents\Formation\TPCDA\HTML\Backend\tcpda-clone1\CI4conteneurs\app\Controllers\Cconteneur.php(12): App\Models\Mconteneur->getAll()
#6 C:\Users\nicol\Documents\Formation\TPCDA\HTML\Backend\tcpda-clone1\CI4conteneurs\vendor\codeigniter4\framework\system\CodeIgniter.php(931): App\Controllers\Cconteneur->index()
#7 C:\Users\nicol\Documents\Formation\TPCDA\HTML\Backend\tcpda-clone1\CI4conteneurs\vendor\codeigniter4\framework\system\CodeIgniter.php(439): CodeIgniter\CodeIgniter->runController(Object(App\Controllers\Cconteneur))
#8 C:\Users\nicol\Documents\Formation\TPCDA\HTML\Backend\tcpda-clone1\CI4conteneurs\vendor\codeigniter4\framework\system\CodeIgniter.php(339): CodeIgniter\CodeIgniter->handleRequest(NULL, Object(Config\Cache), false)
#9 C:\Users\nicol\Documents\Formation\TPCDA\HTML\Backend\tcpda-clone1\CI4conteneurs\public\index.php(36): CodeIgniter\CodeIgniter->run()
#10 {main}
ERROR - 2021-06-08 08:23:49 --> Error connecting to the database: Accès refusé pour l'utilisateur: '****'@'localhost' (mot de passe: OUI)
CRITICAL - 2021-06-08 08:23:49 --> Unable to connect to the database.
Main connection [MySQLi]: Accès refusé pour l'utilisateur: '****'@'localhost' (mot de passe: OUI)
#0 C:\Users\nicol\Documents\Formation\TPCDA\HTML\Backend\tcpda-clone1\CI4conteneurs\vendor\codeigniter4\framework\system\Database\BaseConnection.php(625): CodeIgniter\Database\BaseConnection->initialize()
#1 C:\Users\nicol\Documents\Formation\TPCDA\HTML\Backend\tcpda-clone1\CI4conteneurs\vendor\codeigniter4\framework\system\Database\BaseBuilder.php(1881): CodeIgniter\Database\BaseConnection->query('SELECT `Id`, `A...', Array, false)
#2 C:\Users\nicol\Documents\Formation\TPCDA\HTML\Backend\tcpda-clone1\CI4conteneurs\vendor\codeigniter4\framework\system\Model.php(197): CodeIgniter\Database\BaseBuilder->get()
#3 C:\Users\nicol\Documents\Formation\TPCDA\HTML\Backend\tcpda-clone1\CI4conteneurs\vendor\codeigniter4\framework\system\BaseModel.php(603): CodeIgniter\Model->doFindAll(0, 0)
#4 C:\Users\nicol\Documents\Formation\TPCDA\HTML\Backend\tcpda-clone1\CI4conteneurs\app\Models\Mconteneur.php(14): CodeIgniter\BaseModel->findAll()
#5 C:\Users\nicol\Documents\Formation\TPCDA\HTML\Backend\tcpda-clone1\CI4conteneurs\app\Controllers\Cconteneur.php(12): App\Models\Mconteneur->getAll()
#6 C:\Users\nicol\Documents\Formation\TPCDA\HTML\Backend\tcpda-clone1\CI4conteneurs\vendor\codeigniter4\framework\system\CodeIgniter.php(931): App\Controllers\Cconteneur->index()
#7 C:\Users\nicol\Documents\Formation\TPCDA\HTML\Backend\tcpda-clone1\CI4conteneurs\vendor\codeigniter4\framework\system\CodeIgniter.php(439): CodeIgniter\CodeIgniter->runController(Object(App\Controllers\Cconteneur))
#8 C:\Users\nicol\Documents\Formation\TPCDA\HTML\Backend\tcpda-clone1\CI4conteneurs\vendor\codeigniter4\framework\system\CodeIgniter.php(339): CodeIgniter\CodeIgniter->handleRequest(NULL, Object(Config\Cache), false)
#9 C:\Users\nicol\Documents\Formation\TPCDA\HTML\Backend\tcpda-clone1\CI4conteneurs\public\index.php(36): CodeIgniter\CodeIgniter->run()
#10 {main}
ERROR - 2021-06-08 08:24:19 --> Error connecting to the database: Accès refusé pour l'utilisateur: '****'@'localhost' (mot de passe: OUI)
CRITICAL - 2021-06-08 08:24:19 --> Unable to connect to the database.
Main connection [MySQLi]: Accès refusé pour l'utilisateur: '****'@'localhost' (mot de passe: OUI)
#0 C:\Users\nicol\Documents\Formation\TPCDA\HTML\Backend\tcpda-clone1\CI4conteneurs\vendor\codeigniter4\framework\system\Database\BaseConnection.php(625): CodeIgniter\Database\BaseConnection->initialize()
#1 C:\Users\nicol\Documents\Formation\TPCDA\HTML\Backend\tcpda-clone1\CI4conteneurs\vendor\codeigniter4\framework\system\Database\BaseBuilder.php(1881): CodeIgniter\Database\BaseConnection->query('SELECT `Id`, `A...', Array, false)
#2 C:\Users\nicol\Documents\Formation\TPCDA\HTML\Backend\tcpda-clone1\CI4conteneurs\vendor\codeigniter4\framework\system\Model.php(197): CodeIgniter\Database\BaseBuilder->get()
#3 C:\Users\nicol\Documents\Formation\TPCDA\HTML\Backend\tcpda-clone1\CI4conteneurs\vendor\codeigniter4\framework\system\BaseModel.php(603): CodeIgniter\Model->doFindAll(0, 0)
#4 C:\Users\nicol\Documents\Formation\TPCDA\HTML\Backend\tcpda-clone1\CI4conteneurs\app\Models\Mconteneur.php(14): CodeIgniter\BaseModel->findAll()
#5 C:\Users\nicol\Documents\Formation\TPCDA\HTML\Backend\tcpda-clone1\CI4conteneurs\app\Controllers\Cconteneur.php(12): App\Models\Mconteneur->getAll()
#6 C:\Users\nicol\Documents\Formation\TPCDA\HTML\Backend\tcpda-clone1\CI4conteneurs\vendor\codeigniter4\framework\system\CodeIgniter.php(931): App\Controllers\Cconteneur->index()
#7 C:\Users\nicol\Documents\Formation\TPCDA\HTML\Backend\tcpda-clone1\CI4conteneurs\vendor\codeigniter4\framework\system\CodeIgniter.php(439): CodeIgniter\CodeIgniter->runController(Object(App\Controllers\Cconteneur))
#8 C:\Users\nicol\Documents\Formation\TPCDA\HTML\Backend\tcpda-clone1\CI4conteneurs\vendor\codeigniter4\framework\system\CodeIgniter.php(339): CodeIgniter\CodeIgniter->handleRequest(NULL, Object(Config\Cache), false)
#9 C:\Users\nicol\Documents\Formation\TPCDA\HTML\Backend\tcpda-clone1\CI4conteneurs\public\index.php(36): CodeIgniter\CodeIgniter->run()
#10 {main}
CRITICAL - 2021-06-08 08:35:00 --> syntax error, unexpected '?', expecting end of file
#0 C:\Users\nicol\Documents\Formation\TPCDA\HTML\Backend\tcpda-clone1\CI4conteneurs\vendor\codeigniter4\framework\system\View\View.php(232): CodeIgniter\View\View->CodeIgniter\View\{closure}()
#1 C:\Users\nicol\Documents\Formation\TPCDA\HTML\Backend\tcpda-clone1\CI4conteneurs\vendor\codeigniter4\framework\system\Common.php(1250): CodeIgniter\View\View->render('Conteneurs/v_li...', Array, true)
#2 C:\Users\nicol\Documents\Formation\TPCDA\HTML\Backend\tcpda-clone1\CI4conteneurs\app\Controllers\Cconteneur.php(20): view('Conteneurs/v_li...', Array)
#3 C:\Users\nicol\Documents\Formation\TPCDA\HTML\Backend\tcpda-clone1\CI4conteneurs\vendor\codeigniter4\framework\system\CodeIgniter.php(931): App\Controllers\Cconteneur->index()
#4 C:\Users\nicol\Documents\Formation\TPCDA\HTML\Backend\tcpda-clone1\CI4conteneurs\vendor\codeigniter4\framework\system\CodeIgniter.php(439): CodeIgniter\CodeIgniter->runController(Object(App\Controllers\Cconteneur))
#5 C:\Users\nicol\Documents\Formation\TPCDA\HTML\Backend\tcpda-clone1\CI4conteneurs\vendor\codeigniter4\framework\system\CodeIgniter.php(339): CodeIgniter\CodeIgniter->handleRequest(NULL, Object(Config\Cache), false)
#6 C:\Users\nicol\Documents\Formation\TPCDA\HTML\Backend\tcpda-clone1\CI4conteneurs\public\index.php(36): CodeIgniter\CodeIgniter->run()
#7 {main}
CRITICAL - 2021-06-08 08:35:20 --> Call to a member function links() on null
#0 C:\Users\nicol\Documents\Formation\TPCDA\HTML\Backend\tcpda-clone1\CI4conteneurs\vendor\codeigniter4\framework\system\View\View.php(230): include()
#1 C:\Users\nicol\Documents\Formation\TPCDA\HTML\Backend\tcpda-clone1\CI4conteneurs\vendor\codeigniter4\framework\system\View\View.php(232): CodeIgniter\View\View->CodeIgniter\View\{closure}()
#2 C:\Users\nicol\Documents\Formation\TPCDA\HTML\Backend\tcpda-clone1\CI4conteneurs\vendor\codeigniter4\framework\system\Common.php(1250): CodeIgniter\View\View->render('Conteneurs/v_li...', Array, true)
#3 C:\Users\nicol\Documents\Formation\TPCDA\HTML\Backend\tcpda-clone1\CI4conteneurs\app\Controllers\Cconteneur.php(20): view('Conteneurs/v_li...', Array)
#4 C:\Users\nicol\Documents\Formation\TPCDA\HTML\Backend\tcpda-clone1\CI4conteneurs\vendor\codeigniter4\framework\system\CodeIgniter.php(931): App\Controllers\Cconteneur->index()
#5 C:\Users\nicol\Documents\Formation\TPCDA\HTML\Backend\tcpda-clone1\CI4conteneurs\vendor\codeigniter4\framework\system\CodeIgniter.php(439): CodeIgniter\CodeIgniter->runController(Object(App\Controllers\Cconteneur))
#6 C:\Users\nicol\Documents\Formation\TPCDA\HTML\Backend\tcpda-clone1\CI4conteneurs\vendor\codeigniter4\framework\system\CodeIgniter.php(339): CodeIgniter\CodeIgniter->handleRequest(NULL, Object(Config\Cache), false)
#7 C:\Users\nicol\Documents\Formation\TPCDA\HTML\Backend\tcpda-clone1\CI4conteneurs\public\index.php(36): CodeIgniter\CodeIgniter->run()
#8 {main}
CRITICAL - 2021-06-08 08:39:07 --> Call to a member function links() on null
#0 C:\Users\nicol\Documents\Formation\TPCDA\HTML\Backend\tcpda-clone1\CI4conteneurs\vendor\codeigniter4\framework\system\View\View.php(230): include()
#1 C:\Users\nicol\Documents\Formation\TPCDA\HTML\Backend\tcpda-clone1\CI4conteneurs\vendor\codeigniter4\framework\system\View\View.php(232): CodeIgniter\View\View->CodeIgniter\View\{closure}()
#2 C:\Users\nicol\Documents\Formation\TPCDA\HTML\Backend\tcpda-clone1\CI4conteneurs\vendor\codeigniter4\framework\system\Common.php(1250): CodeIgniter\View\View->render('Conteneurs/v_li...', Array, true)
#3 C:\Users\nicol\Documents\Formation\TPCDA\HTML\Backend\tcpda-clone1\CI4conteneurs\app\Controllers\Cconteneur.php(20): view('Conteneurs/v_li...', Array)
#4 C:\Users\nicol\Documents\Formation\TPCDA\HTML\Backend\tcpda-clone1\CI4conteneurs\vendor\codeigniter4\framework\system\CodeIgniter.php(931): App\Controllers\Cconteneur->index()
#5 C:\Users\nicol\Documents\Formation\TPCDA\HTML\Backend\tcpda-clone1\CI4conteneurs\vendor\codeigniter4\framework\system\CodeIgniter.php(439): CodeIgniter\CodeIgniter->runController(Object(App\Controllers\Cconteneur))
#6 C:\Users\nicol\Documents\Formation\TPCDA\HTML\Backend\tcpda-clone1\CI4conteneurs\vendor\codeigniter4\framework\system\CodeIgniter.php(339): CodeIgniter\CodeIgniter->handleRequest(NULL, Object(Config\Cache), false)
#7 C:\Users\nicol\Documents\Formation\TPCDA\HTML\Backend\tcpda-clone1\CI4conteneurs\public\index.php(36): CodeIgniter\CodeIgniter->run()
#8 {main}
CRITICAL - 2021-06-08 09:18:42 --> Invalid file: App\Views\Pager\conteneur_full.php
#0 C:\Users\nicol\Documents\Formation\TPCDA\HTML\Backend\tcpda-clone1\CI4conteneurs\vendor\codeigniter4\framework\system\View\View.php(213): CodeIgniter\Exceptions\FrameworkException::forInvalidFile('App\\Views\\Pager...')
#1 C:\Users\nicol\Documents\Formation\TPCDA\HTML\Backend\tcpda-clone1\CI4conteneurs\vendor\codeigniter4\framework\system\Pager\Pager.php(158): CodeIgniter\View\View->render('App\\Views\\Pager...')
#2 C:\Users\nicol\Documents\Formation\TPCDA\HTML\Backend\tcpda-clone1\CI4conteneurs\vendor\codeigniter4\framework\system\Pager\Pager.php(93): CodeIgniter\Pager\Pager->displayLinks('default', 'default_full')
#3 C:\Users\nicol\Documents\Formation\TPCDA\HTML\Backend\tcpda-clone1\CI4conteneurs\app\Views\Conteneurs\v_liste_conteneurs.php(23): CodeIgniter\Pager\Pager->links()
#4 C:\Users\nicol\Documents\Formation\TPCDA\HTML\Backend\tcpda-clone1\CI4conteneurs\vendor\codeigniter4\framework\system\View\View.php(230): include('C:\\Users\\nicol\\...')
#5 C:\Users\nicol\Documents\Formation\TPCDA\HTML\Backend\tcpda-clone1\CI4conteneurs\vendor\codeigniter4\framework\system\View\View.php(232): CodeIgniter\View\View->CodeIgniter\View\{closure}()
#6 C:\Users\nicol\Documents\Formation\TPCDA\HTML\Backend\tcpda-clone1\CI4conteneurs\vendor\codeigniter4\framework\system\Common.php(1250): CodeIgniter\View\View->render('Conteneurs/v_li...', Array, true)
#7 C:\Users\nicol\Documents\Formation\TPCDA\HTML\Backend\tcpda-clone1\CI4conteneurs\app\Controllers\Cconteneur.php(20): view('Conteneurs/v_li...', Array)
#8 C:\Users\nicol\Documents\Formation\TPCDA\HTML\Backend\tcpda-clone1\CI4conteneurs\vendor\codeigniter4\framework\system\CodeIgniter.php(931): App\Controllers\Cconteneur->index()
#9 C:\Users\nicol\Documents\Formation\TPCDA\HTML\Backend\tcpda-clone1\CI4conteneurs\vendor\codeigniter4\framework\system\CodeIgniter.php(439): CodeIgniter\CodeIgniter->runController(Object(App\Controllers\Cconteneur))
#10 C:\Users\nicol\Documents\Formation\TPCDA\HTML\Backend\tcpda-clone1\CI4conteneurs\vendor\codeigniter4\framework\system\CodeIgniter.php(339): CodeIgniter\CodeIgniter->handleRequest(NULL, Object(Config\Cache), false)
#11 C:\Users\nicol\Documents\Formation\TPCDA\HTML\Backend\tcpda-clone1\CI4conteneurs\public\index.php(36): CodeIgniter\CodeIgniter->run()
#12 {main}
CRITICAL - 2021-06-08 09:52:56 --> Use of undefined constant prmId - assumed 'prmId' (this will throw an Error in a future version of PHP)
#0 C:\Users\nicol\Documents\Formation\TPCDA\HTML\Backend\tcpda-clone1\CI4conteneurs\app\Controllers\Cconteneur.php(28): CodeIgniter\Debug\Exceptions->errorHandler(2, 'Use of undefine...', 'C:\\Users\\nicol\\...', 28, Array)
#1 C:\Users\nicol\Documents\Formation\TPCDA\HTML\Backend\tcpda-clone1\CI4conteneurs\vendor\codeigniter4\framework\system\CodeIgniter.php(931): App\Controllers\Cconteneur->detail('1')
#2 C:\Users\nicol\Documents\Formation\TPCDA\HTML\Backend\tcpda-clone1\CI4conteneurs\vendor\codeigniter4\framework\system\CodeIgniter.php(439): CodeIgniter\CodeIgniter->runController(Object(App\Controllers\Cconteneur))
#3 C:\Users\nicol\Documents\Formation\TPCDA\HTML\Backend\tcpda-clone1\CI4conteneurs\vendor\codeigniter4\framework\system\CodeIgniter.php(339): CodeIgniter\CodeIgniter->handleRequest(NULL, Object(Config\Cache), false)
#4 C:\Users\nicol\Documents\Formation\TPCDA\HTML\Backend\tcpda-clone1\CI4conteneurs\public\index.php(36): CodeIgniter\CodeIgniter->run()
#5 {main}
CRITICAL - 2021-06-08 09:53:56 --> Call to undefined method App\Models\Mconteneur::getDetail
#0 C:\Users\nicol\Documents\Formation\TPCDA\HTML\Backend\tcpda-clone1\CI4conteneurs\app\Controllers\Cconteneur.php(30): CodeIgniter\Model->__call('getDetail', Array)
#1 C:\Users\nicol\Documents\Formation\TPCDA\HTML\Backend\tcpda-clone1\CI4conteneurs\vendor\codeigniter4\framework\system\CodeIgniter.php(931): App\Controllers\Cconteneur->detail('1')
#2 C:\Users\nicol\Documents\Formation\TPCDA\HTML\Backend\tcpda-clone1\CI4conteneurs\vendor\codeigniter4\framework\system\CodeIgniter.php(439): CodeIgniter\CodeIgniter->runController(Object(App\Controllers\Cconteneur))
#3 C:\Users\nicol\Documents\Formation\TPCDA\HTML\Backend\tcpda-clone1\CI4conteneurs\vendor\codeigniter4\framework\system\CodeIgniter.php(339): CodeIgniter\CodeIgniter->handleRequest(NULL, Object(Config\Cache), false)
#4 C:\Users\nicol\Documents\Formation\TPCDA\HTML\Backend\tcpda-clone1\CI4conteneurs\public\index.php(36): CodeIgniter\CodeIgniter->run()
#5 {main}
CRITICAL - 2021-06-08 09:54:00 --> Call to undefined method App\Models\Mconteneur::getDetail
#0 C:\Users\nicol\Documents\Formation\TPCDA\HTML\Backend\tcpda-clone1\CI4conteneurs\app\Controllers\Cconteneur.php(30): CodeIgniter\Model->__call('getDetail', Array)
#1 C:\Users\nicol\Documents\Formation\TPCDA\HTML\Backend\tcpda-clone1\CI4conteneurs\vendor\codeigniter4\framework\system\CodeIgniter.php(931): App\Controllers\Cconteneur->detail('1')
#2 C:\Users\nicol\Documents\Formation\TPCDA\HTML\Backend\tcpda-clone1\CI4conteneurs\vendor\codeigniter4\framework\system\CodeIgniter.php(439): CodeIgniter\CodeIgniter->runController(Object(App\Controllers\Cconteneur))
#3 C:\Users\nicol\Documents\Formation\TPCDA\HTML\Backend\tcpda-clone1\CI4conteneurs\vendor\codeigniter4\framework\system\CodeIgniter.php(339): CodeIgniter\CodeIgniter->handleRequest(NULL, Object(Config\Cache), false)
#4 C:\Users\nicol\Documents\Formation\TPCDA\HTML\Backend\tcpda-clone1\CI4conteneurs\public\index.php(36): CodeIgniter\CodeIgniter->run()
#5 {main}
CRITICAL - 2021-06-08 09:56:24 --> Call to undefined method App\Models\Mconteneur::getDetail
#0 C:\Users\nicol\Documents\Formation\TPCDA\HTML\Backend\tcpda-clone1\CI4conteneurs\app\Controllers\Cconteneur.php(30): CodeIgniter\Model->__call('getDetail', Array)
#1 C:\Users\nicol\Documents\Formation\TPCDA\HTML\Backend\tcpda-clone1\CI4conteneurs\vendor\codeigniter4\framework\system\CodeIgniter.php(931): App\Controllers\Cconteneur->detail('1')
#2 C:\Users\nicol\Documents\Formation\TPCDA\HTML\Backend\tcpda-clone1\CI4conteneurs\vendor\codeigniter4\framework\system\CodeIgniter.php(439): CodeIgniter\CodeIgniter->runController(Object(App\Controllers\Cconteneur))
#3 C:\Users\nicol\Documents\Formation\TPCDA\HTML\Backend\tcpda-clone1\CI4conteneurs\vendor\codeigniter4\framework\system\CodeIgniter.php(339): CodeIgniter\CodeIgniter->handleRequest(NULL, Object(Config\Cache), false)
#4 C:\Users\nicol\Documents\Formation\TPCDA\HTML\Backend\tcpda-clone1\CI4conteneurs\public\index.php(36): CodeIgniter\CodeIgniter->run()
#5 {main}
CRITICAL - 2021-06-08 09:57:16 --> Call to undefined method App\Models\Mconteneur::getDetail
#0 C:\Users\nicol\Documents\Formation\TPCDA\HTML\Backend\tcpda-clone1\CI4conteneurs\app\Controllers\Cconteneur.php(30): CodeIgniter\Model->__call('getDetail', Array)
#1 C:\Users\nicol\Documents\Formation\TPCDA\HTML\Backend\tcpda-clone1\CI4conteneurs\vendor\codeigniter4\framework\system\CodeIgniter.php(931): App\Controllers\Cconteneur->detail('1')
#2 C:\Users\nicol\Documents\Formation\TPCDA\HTML\Backend\tcpda-clone1\CI4conteneurs\vendor\codeigniter4\framework\system\CodeIgniter.php(439): CodeIgniter\CodeIgniter->runController(Object(App\Controllers\Cconteneur))
#3 C:\Users\nicol\Documents\Formation\TPCDA\HTML\Backend\tcpda-clone1\CI4conteneurs\vendor\codeigniter4\framework\system\CodeIgniter.php(339): CodeIgniter\CodeIgniter->handleRequest(NULL, Object(Config\Cache), false)
#4 C:\Users\nicol\Documents\Formation\TPCDA\HTML\Backend\tcpda-clone1\CI4conteneurs\public\index.php(36): CodeIgniter\CodeIgniter->run()
#5 {main}
CRITICAL - 2021-06-08 09:57:22 --> Call to undefined method App\Models\Mconteneur::getDetail
#0 C:\Users\nicol\Documents\Formation\TPCDA\HTML\Backend\tcpda-clone1\CI4conteneurs\app\Controllers\Cconteneur.php(30): CodeIgniter\Model->__call('getDetail', Array)
#1 C:\Users\nicol\Documents\Formation\TPCDA\HTML\Backend\tcpda-clone1\CI4conteneurs\vendor\codeigniter4\framework\system\CodeIgniter.php(931): App\Controllers\Cconteneur->detail('2')
#2 C:\Users\nicol\Documents\Formation\TPCDA\HTML\Backend\tcpda-clone1\CI4conteneurs\vendor\codeigniter4\framework\system\CodeIgniter.php(439): CodeIgniter\CodeIgniter->runController(Object(App\Controllers\Cconteneur))
#3 C:\Users\nicol\Documents\Formation\TPCDA\HTML\Backend\tcpda-clone1\CI4conteneurs\vendor\codeigniter4\framework\system\CodeIgniter.php(339): CodeIgniter\CodeIgniter->handleRequest(NULL, Object(Config\Cache), false)
#4 C:\Users\nicol\Documents\Formation\TPCDA\HTML\Backend\tcpda-clone1\CI4conteneurs\public\index.php(36): CodeIgniter\CodeIgniter->run()
#5 {main}
CRITICAL - 2021-06-08 09:58:47 --> Call to undefined method App\Models\Mconteneur::getDetail
#0 C:\Users\nicol\Documents\Formation\TPCDA\HTML\Backend\tcpda-clone1\CI4conteneurs\app\Controllers\Cconteneur.php(30): CodeIgniter\Model->__call('getDetail', Array)
#1 C:\Users\nicol\Documents\Formation\TPCDA\HTML\Backend\tcpda-clone1\CI4conteneurs\vendor\codeigniter4\framework\system\CodeIgniter.php(931): App\Controllers\Cconteneur->detail('21')
#2 C:\Users\nicol\Documents\Formation\TPCDA\HTML\Backend\tcpda-clone1\CI4conteneurs\vendor\codeigniter4\framework\system\CodeIgniter.php(439): CodeIgniter\CodeIgniter->runController(Object(App\Controllers\Cconteneur))
#3 C:\Users\nicol\Documents\Formation\TPCDA\HTML\Backend\tcpda-clone1\CI4conteneurs\vendor\codeigniter4\framework\system\CodeIgniter.php(339): CodeIgniter\CodeIgniter->handleRequest(NULL, Object(Config\Cache), false)
#4 C:\Users\nicol\Documents\Formation\TPCDA\HTML\Backend\tcpda-clone1\CI4conteneurs\public\index.php(36): CodeIgniter\CodeIgniter->run()
#5 {main}
CRITICAL - 2021-06-08 10:00:56 --> Call to undefined method App\Models\Mconteneur::getDetail
#0 C:\Users\nicol\Documents\Formation\TPCDA\HTML\Backend\tcpda-clone1\CI4conteneurs\app\Controllers\Cconteneur.php(30): CodeIgniter\Model->__call('getDetail', Array)
#1 C:\Users\nicol\Documents\Formation\TPCDA\HTML\Backend\tcpda-clone1\CI4conteneurs\vendor\codeigniter4\framework\system\CodeIgniter.php(931): App\Controllers\Cconteneur->detail('21')
#2 C:\Users\nicol\Documents\Formation\TPCDA\HTML\Backend\tcpda-clone1\CI4conteneurs\vendor\codeigniter4\framework\system\CodeIgniter.php(439): CodeIgniter\CodeIgniter->runController(Object(App\Controllers\Cconteneur))
#3 C:\Users\nicol\Documents\Formation\TPCDA\HTML\Backend\tcpda-clone1\CI4conteneurs\vendor\codeigniter4\framework\system\CodeIgniter.php(339): CodeIgniter\CodeIgniter->handleRequest(NULL, Object(Config\Cache), false)
#4 C:\Users\nicol\Documents\Formation\TPCDA\HTML\Backend\tcpda-clone1\CI4conteneurs\public\index.php(36): CodeIgniter\CodeIgniter->run()
#5 {main}
